0 info it worked if it ends with ok
1 verbose cli [ 'C:\\Programy\\nodejs\\node.exe',
1 verbose cli   'C:\\Users\\Kuba\\AppData\\Roaming\\npm\\node_modules\\npm\\bin\\npm-cli.js',
1 verbose cli   'run',
1 verbose cli   'lint' ]
2 info using npm@4.0.2
3 info using node@v6.9.2
4 verbose run-script [ 'prelint', 'lint', 'postlint' ]
5 info lifecycle simpleTableApp@~prelint: simpleTableApp@
6 silly lifecycle simpleTableApp@~prelint: no script for prelint, continuing
7 info lifecycle simpleTableApp@~lint: simpleTableApp@
8 verbose lifecycle simpleTableApp@~lint: unsafe-perm in lifecycle true
9 verbose lifecycle simpleTableApp@~lint: PATH: C:\Users\Kuba\AppData\Roaming\npm\node_modules\npm\bin\node-gyp-bin;E:\Programowanie\meteor\simpleTableApp\node_modules\.bin;C:\programy\oraclexe\app\oracle\product\11.2.0\server\bin;c:\programdata\oracle\java\javapath;c:\windows\system32;c:\windows;c:\windows\system32\wbem;c:\windows\system32\windowspowershell\v1.0\;C:\Program Files (x86)\NVIDIA Corporation\PhysX\Common;C:\Programy\MATLAB\R2013a\runtime\win64;C:\Programy\MATLAB\R2013a\bin;C:\Programy\nodejs\;C:\Programy\Yarn\bin;C:\Programy\Skype\Phone\;C:\Users\Kuba\AppData\Local\.meteor\;C:\Users\Kuba\AppData\Roaming\npm;C:\Users\Kuba\AppData\Local\Yarn\.bin;C:\Programy\Heroku\bin
10 verbose lifecycle simpleTableApp@~lint: CWD: E:\Programowanie\meteor\simpleTableApp
11 silly lifecycle simpleTableApp@~lint: Args: [ '/d /s /c', 'eslint --ext .js,.jsx .' ]
12 silly lifecycle simpleTableApp@~lint: Returned: code: 1  signal: null
13 info lifecycle simpleTableApp@~lint: Failed to exec lint script
14 verbose stack Error: simpleTableApp@ lint: `eslint --ext .js,.jsx .`
14 verbose stack Exit status 1
14 verbose stack     at EventEmitter.<anonymous> (C:\Users\Kuba\AppData\Roaming\npm\node_modules\npm\lib\utils\lifecycle.js:279:16)
14 verbose stack     at emitTwo (events.js:106:13)
14 verbose stack     at EventEmitter.emit (events.js:191:7)
14 verbose stack     at ChildProcess.<anonymous> (C:\Users\Kuba\AppData\Roaming\npm\node_modules\npm\lib\utils\spawn.js:40:14)
14 verbose stack     at emitTwo (events.js:106:13)
14 verbose stack     at ChildProcess.emit (events.js:191:7)
14 verbose stack     at maybeClose (internal/child_process.js:877:16)
14 verbose stack     at Process.ChildProcess._handle.onexit (internal/child_process.js:226:5)
15 verbose pkgid simpleTableApp@
16 verbose cwd E:\Programowanie\meteor\simpleTableApp
17 error Windows_NT 6.1.7601
18 error argv "C:\\Programy\\nodejs\\node.exe" "C:\\Users\\Kuba\\AppData\\Roaming\\npm\\node_modules\\npm\\bin\\npm-cli.js" "run" "lint"
19 error node v6.9.2
20 error npm  v4.0.2
21 error code ELIFECYCLE
22 error simpleTableApp@ lint: `eslint --ext .js,.jsx .`
22 error Exit status 1
23 error Failed at the simpleTableApp@ lint script 'eslint --ext .js,.jsx .'.
23 error Make sure you have the latest version of node.js and npm installed.
23 error If you do, this is most likely a problem with the simpleTableApp package,
23 error not with npm itself.
23 error Tell the author that this fails on your system:
23 error     eslint --ext .js,.jsx .
23 error You can get information on how to open an issue for this project with:
23 error     npm bugs simpleTableApp
23 error Or if that isn't available, you can get their info via:
23 error     npm owner ls simpleTableApp
23 error There is likely additional logging output above.
24 verbose exit [ 1, true ]
